2026-03-19 09:47:26.454 | INFO     | __main__:<module>:238 - ▶ Modo: Varredura imediata
2026-03-19 09:47:26.456 | INFO     | __main__:executar_varredura:68 - =======================================================
2026-03-19 09:47:26.456 | INFO     | __main__:executar_varredura:69 - 🚀 Iniciando varredura em 19/03/2026 09:47:26
2026-03-19 09:47:26.457 | INFO     | __main__:executar_varredura:70 - =======================================================
2026-03-19 09:47:26.457 | WARNING  | src.database:log_execucao_start:145 - ⚠️ Não foi possível registrar execução: Invalid API key
2026-03-19 09:47:26.819 | INFO     | __main__:executar_varredura:105 - 🏪 Varrendo Mercado Livre...
2026-03-19 09:47:51.051 | WARNING  | src.scraper_ml:_scrape_lista:54 - ⚠️ ML: Não foi possível carregar https://www.mercadolivre.com.br/ofertas: Page.wait_for_selector: Timeout 15000ms exceeded.
Call log:
waiting for locator(".ui-search-layout__item") to be visible

2026-03-19 09:48:06.735 | WARNING  | src.scraper_ml:_scrape_lista:54 - ⚠️ ML: Não foi possível carregar https://www.mercadolivre.com.br/mais-vendidos: Page.wait_for_selector: Timeout 15000ms exceeded.
Call log:
waiting for locator(".ui-search-layout__item") to be visible

2026-03-19 09:48:06.736 | INFO     | src.scraper_ml:scrape_mercadolivre:185 - 🔍 ML: Verificando estoque de 0 produtos...
2026-03-19 09:48:06.740 | SUCCESS  | src.scraper_ml:scrape_mercadolivre:220 - ✅ Mercado Livre: 0 produtos válidos coletados. (0 erros)
2026-03-19 09:48:06.740 | INFO     | __main__:executar_varredura:115 - 🏪 Varrendo Amazon...
2026-03-19 09:48:14.278 | INFO     | src.scraper_amazon:_scrape_lista:64 - 🛒 Amazon: 0 cards encontrados em https://www.amazon.com.br/bestsellers
2026-03-19 09:48:21.488 | INFO     | src.scraper_amazon:_scrape_lista:64 - 🛒 Amazon: 0 cards encontrados em https://www.amazon.com.br/deals
2026-03-19 09:48:21.490 | INFO     | src.scraper_amazon:scrape_amazon:199 - 🔍 Amazon: Verificando estoque de 0 produtos...
2026-03-19 09:48:21.494 | SUCCESS  | src.scraper_amazon:scrape_amazon:237 - ✅ Amazon: 0 produtos válidos coletados. (0 erros)
2026-03-19 09:48:21.495 | INFO     | __main__:executar_varredura:125 - 🏪 Varrendo Shopee...
2026-03-19 09:48:36.790 | INFO     | src.scraper_shopee:_scrape_lista:56 - 🛒 Shopee: 0 cards encontrados em https://shopee.com.br/flash_sale
2026-03-19 09:48:51.497 | INFO     | src.scraper_shopee:_scrape_lista:56 - 🛒 Shopee: 0 cards encontrados em https://shopee.com.br/search?keyword=mais+vendidos&sortBy=sales
2026-03-19 09:48:51.499 | INFO     | src.scraper_shopee:scrape_shopee:182 - 🔍 Shopee: Verificando estoque de 0 produtos...
2026-03-19 09:48:51.503 | SUCCESS  | src.scraper_shopee:scrape_shopee:213 - ✅ Shopee: 0 produtos válidos coletados. (0 erros)
2026-03-19 09:48:51.577 | INFO     | __main__:executar_varredura:149 - =======================================================
2026-03-19 09:48:51.579 | INFO     | __main__:executar_varredura:150 - 📊 RELATÓRIO DA VARREDURA
2026-03-19 09:48:51.580 | INFO     | __main__:executar_varredura:151 -    🕐 Duração:         1min 25s
2026-03-19 09:48:51.580 | INFO     | __main__:executar_varredura:152 -    🔍 Total encontrado: 0 produtos
2026-03-19 09:48:51.580 | INFO     | __main__:executar_varredura:153 -    💾 Salvos no banco:  0 registros
2026-03-19 09:48:51.581 | INFO     | __main__:executar_varredura:154 -    ❌ Erros:           0
2026-03-19 09:48:51.581 | INFO     | __main__:executar_varredura:158 - =======================================================
2026-03-19 09:50:08.143 | INFO     | __main__:<module>:238 - ▶ Modo: Varredura imediata
2026-03-19 09:50:08.145 | INFO     | __main__:executar_varredura:68 - =======================================================
2026-03-19 09:50:08.145 | INFO     | __main__:executar_varredura:69 - 🚀 Iniciando varredura em 19/03/2026 09:50:08
2026-03-19 09:50:08.145 | INFO     | __main__:executar_varredura:70 - =======================================================
2026-03-19 09:50:12.363 | WARNING  | src.database:log_execucao_start:145 - ⚠️ Não foi possível registrar execução: [WinError 10054] Foi forçado o cancelamento de uma conexão existente pelo host remoto
2026-03-19 09:50:12.704 | INFO     | __main__:executar_varredura:105 - 🏪 Varrendo Mercado Livre...
2026-03-19 09:50:29.622 | WARNING  | src.scraper_ml:_scrape_lista:54 - ⚠️ ML: Não foi possível carregar https://www.mercadolivre.com.br/ofertas: Page.wait_for_selector: Timeout 15000ms exceeded.
Call log:
waiting for locator(".ui-search-layout__item") to be visible

2026-03-19 09:50:45.193 | WARNING  | src.scraper_ml:_scrape_lista:54 - ⚠️ ML: Não foi possível carregar https://www.mercadolivre.com.br/mais-vendidos: Page.wait_for_selector: Timeout 15000ms exceeded.
Call log:
waiting for locator(".ui-search-layout__item") to be visible

2026-03-19 09:50:45.193 | INFO     | src.scraper_ml:scrape_mercadolivre:185 - 🔍 ML: Verificando estoque de 0 produtos...
2026-03-19 09:50:45.198 | SUCCESS  | src.scraper_ml:scrape_mercadolivre:220 - ✅ Mercado Livre: 0 produtos válidos coletados. (0 erros)
2026-03-19 09:50:45.198 | INFO     | __main__:executar_varredura:115 - 🏪 Varrendo Amazon...
2026-03-19 09:50:52.767 | INFO     | src.scraper_amazon:_scrape_lista:64 - 🛒 Amazon: 0 cards encontrados em https://www.amazon.com.br/bestsellers
2026-03-19 09:51:00.085 | INFO     | src.scraper_amazon:_scrape_lista:64 - 🛒 Amazon: 0 cards encontrados em https://www.amazon.com.br/deals
2026-03-19 09:51:00.085 | INFO     | src.scraper_amazon:scrape_amazon:199 - 🔍 Amazon: Verificando estoque de 0 produtos...
2026-03-19 09:51:00.090 | SUCCESS  | src.scraper_amazon:scrape_amazon:237 - ✅ Amazon: 0 produtos válidos coletados. (0 erros)
2026-03-19 09:51:00.090 | INFO     | __main__:executar_varredura:125 - 🏪 Varrendo Shopee...
2026-03-19 09:51:15.195 | INFO     | src.scraper_shopee:_scrape_lista:56 - 🛒 Shopee: 0 cards encontrados em https://shopee.com.br/flash_sale
2026-03-19 09:51:29.588 | INFO     | src.scraper_shopee:_scrape_lista:56 - 🛒 Shopee: 0 cards encontrados em https://shopee.com.br/search?keyword=mais+vendidos&sortBy=sales
2026-03-19 09:51:29.589 | INFO     | src.scraper_shopee:scrape_shopee:182 - 🔍 Shopee: Verificando estoque de 0 produtos...
2026-03-19 09:51:29.592 | SUCCESS  | src.scraper_shopee:scrape_shopee:213 - ✅ Shopee: 0 produtos válidos coletados. (0 erros)
2026-03-19 09:51:29.650 | INFO     | __main__:executar_varredura:149 - =======================================================
2026-03-19 09:51:29.651 | INFO     | __main__:executar_varredura:150 - 📊 RELATÓRIO DA VARREDURA
2026-03-19 09:51:29.651 | INFO     | __main__:executar_varredura:151 -    🕐 Duração:         1min 21s
2026-03-19 09:51:29.651 | INFO     | __main__:executar_varredura:152 -    🔍 Total encontrado: 0 produtos
2026-03-19 09:51:29.651 | INFO     | __main__:executar_varredura:153 -    💾 Salvos no banco:  0 registros
2026-03-19 09:51:29.651 | INFO     | __main__:executar_varredura:154 -    ❌ Erros:           0
2026-03-19 09:51:29.651 | INFO     | __main__:executar_varredura:158 - =======================================================
2026-03-19 10:14:35.204 | INFO     | __main__:<module>:238 - ▶ Modo: Varredura imediata
2026-03-19 10:14:35.206 | INFO     | __main__:executar_varredura:68 - =======================================================
2026-03-19 10:14:35.206 | INFO     | __main__:executar_varredura:69 - 🚀 Iniciando varredura em 19/03/2026 10:14:35
2026-03-19 10:14:35.206 | INFO     | __main__:executar_varredura:70 - =======================================================
2026-03-19 10:14:35.652 | WARNING  | src.database:log_execucao_start:145 - ⚠️ Não foi possível registrar execução: {'message': 'JSON could not be generated', 'code': 401, 'hint': 'Refer to full message for details', 'details': 'b\'{"message":"Invalid API key","hint":"Double check your API key."}\''}
2026-03-19 10:14:36.064 | INFO     | __main__:executar_varredura:105 - 🏪 Varrendo Mercado Livre...
2026-03-19 10:14:51.256 | INFO     | src.scraper_ml:_scrape_lista:63 - 🛒 ML: 54 cards encontrados em https://www.mercadolivre.com.br/ofertas
2026-03-19 10:15:08.060 | WARNING  | src.scraper_ml:_scrape_lista:54 - ⚠️ ML: Não foi possível carregar https://www.mercadolivre.com.br/mais-vendidos: Page.wait_for_selector: Timeout 15000ms exceeded.
Call log:
waiting for locator(".poly-card, .ui-search-layout__item") to be visible

2026-03-19 10:15:08.061 | INFO     | src.scraper_ml:scrape_mercadolivre:185 - 🔍 ML: Verificando estoque de 0 produtos...
2026-03-19 10:15:08.067 | SUCCESS  | src.scraper_ml:scrape_mercadolivre:220 - ✅ Mercado Livre: 0 produtos válidos coletados. (0 erros)
2026-03-19 10:15:08.067 | INFO     | __main__:executar_varredura:115 - 🏪 Varrendo Amazon...
2026-03-19 10:15:15.608 | INFO     | src.scraper_amazon:_scrape_lista:64 - 🛒 Amazon: 24 cards encontrados em https://www.amazon.com.br/bestsellers
2026-03-19 10:15:23.194 | INFO     | src.scraper_amazon:_scrape_lista:64 - 🛒 Amazon: 0 cards encontrados em https://www.amazon.com.br/deals
2026-03-19 10:15:23.195 | INFO     | src.scraper_amazon:scrape_amazon:199 - 🔍 Amazon: Verificando estoque de 0 produtos...
2026-03-19 10:15:23.199 | SUCCESS  | src.scraper_amazon:scrape_amazon:237 - ✅ Amazon: 0 produtos válidos coletados. (0 erros)
2026-03-19 10:15:23.199 | INFO     | __main__:executar_varredura:125 - 🏪 Varrendo Shopee...
2026-03-19 10:15:39.406 | INFO     | src.scraper_shopee:_scrape_lista:56 - 🛒 Shopee: 0 cards encontrados em https://shopee.com.br/flash_sale
2026-03-19 10:15:54.656 | INFO     | src.scraper_shopee:_scrape_lista:56 - 🛒 Shopee: 0 cards encontrados em https://shopee.com.br/search?keyword=mais+vendidos&sortBy=sales
2026-03-19 10:15:54.657 | INFO     | src.scraper_shopee:scrape_shopee:182 - 🔍 Shopee: Verificando estoque de 0 produtos...
2026-03-19 10:15:54.664 | SUCCESS  | src.scraper_shopee:scrape_shopee:213 - ✅ Shopee: 0 produtos válidos coletados. (0 erros)
2026-03-19 10:15:54.736 | INFO     | __main__:executar_varredura:149 - =======================================================
2026-03-19 10:15:54.736 | INFO     | __main__:executar_varredura:150 - 📊 RELATÓRIO DA VARREDURA
2026-03-19 10:15:54.736 | INFO     | __main__:executar_varredura:151 -    🕐 Duração:         1min 19s
2026-03-19 10:15:54.736 | INFO     | __main__:executar_varredura:152 -    🔍 Total encontrado: 0 produtos
2026-03-19 10:15:54.736 | INFO     | __main__:executar_varredura:153 -    💾 Salvos no banco:  0 registros
2026-03-19 10:15:54.737 | INFO     | __main__:executar_varredura:154 -    ❌ Erros:           0
2026-03-19 10:15:54.737 | INFO     | __main__:executar_varredura:158 - =======================================================
2026-03-19 10:25:48.010 | INFO     | __main__:<module>:238 - ▶ Modo: Varredura imediata
2026-03-19 10:25:48.011 | INFO     | __main__:executar_varredura:68 - =======================================================
2026-03-19 10:25:48.012 | INFO     | __main__:executar_varredura:69 - 🚀 Iniciando varredura em 19/03/2026 10:25:48
2026-03-19 10:25:48.012 | INFO     | __main__:executar_varredura:70 - =======================================================
2026-03-19 10:25:48.835 | INFO     | src.database:log_execucao_start:142 - 📋 Execução registrada com ID: 1
2026-03-19 10:25:49.203 | INFO     | __main__:executar_varredura:105 - 🏪 Varrendo Mercado Livre...
2026-03-19 10:26:04.021 | INFO     | src.scraper_ml:_scrape_lista:69 - 🛒 ML: 72 cards encontrados em https://www.mercadolivre.com.br/ofertas
2026-03-19 10:26:10.727 | INFO     | src.scraper_ml:_scrape_lista:69 - 🛒 ML: 46 cards encontrados em https://www.mercadolivre.com.br/mais-vendidos
2026-03-19 10:26:11.201 | INFO     | src.scraper_ml:scrape_mercadolivre:191 - 🔍 ML: Verificando estoque de 12 produtos...
2026-03-19 10:26:13.918 | DEBUG    | src.scraper_ml:scrape_mercadolivre:217 - ✓ ML: Parafusadeira Furadeira The Black Tools Tb12a 3/8  — R$167.70
2026-03-19 10:26:17.229 | DEBUG    | src.scraper_ml:scrape_mercadolivre:217 - ✓ ML: Kit 6 Pares Meias Lupo Cano Médio Esportivas Acade — R$103.10
2026-03-19 10:26:20.086 | DEBUG    | src.scraper_ml:scrape_mercadolivre:217 - ✓ ML: Kit 10 Pote De Vidro Marmita Hermético 370ml Freez — R$95.00
2026-03-19 10:26:23.119 | DEBUG    | src.scraper_ml:scrape_mercadolivre:217 - ✓ ML: Cadeira Gamer Wells Preta Healer Preto Couro Sinté — R$755.45
2026-03-19 10:26:26.118 | DEBUG    | src.scraper_ml:scrape_mercadolivre:217 - ✓ ML: Batedeira Planetária Philco Pbp90a 5l 12 Velocidad — R$379.90
2026-03-19 10:26:29.099 | DEBUG    | src.scraper_ml:scrape_mercadolivre:217 - ✓ ML: Protetor Solar Com Cor, Alta Cobertura 12h, Oil-fr — R$109.90
2026-03-19 10:26:31.885 | DEBUG    | src.scraper_ml:scrape_mercadolivre:200 - ML: Produto sem estoque ignorado: Parafusadeira Furadeira De Impacto Sem F
2026-03-19 10:26:34.718 | DEBUG    | src.scraper_ml:scrape_mercadolivre:200 - ML: Produto sem estoque ignorado: 6 Pares Meias Puma Cano Médio Alto Atoal
2026-03-19 10:26:37.391 | DEBUG    | src.scraper_ml:scrape_mercadolivre:200 - ML: Produto sem estoque ignorado: Kit 10 Potes Vidro 370ml Hermético Marmi
2026-03-19 10:26:40.412 | DEBUG    | src.scraper_ml:scrape_mercadolivre:217 - ✓ ML: Perfume Masculino Eau De Parfum Azzaro The Most Wa — R$879.00
2026-03-19 10:26:43.678 | DEBUG    | src.scraper_ml:scrape_mercadolivre:217 - ✓ ML: Kit 4 Cuecas Boxer Puma Poliamida Sem Costura Box  — R$213.99
2026-03-19 10:26:46.562 | DEBUG    | src.scraper_ml:scrape_mercadolivre:217 - ✓ ML: Creatina Monohidratada Em Pote 300g 100% Pura Dark — R$78.90
2026-03-19 10:26:46.566 | SUCCESS  | src.scraper_ml:scrape_mercadolivre:226 - ✅ Mercado Livre: 9 produtos válidos coletados. (0 erros)
2026-03-19 10:26:46.566 | INFO     | __main__:executar_varredura:115 - 🏪 Varrendo Amazon...
2026-03-19 10:26:54.074 | INFO     | src.scraper_amazon:_scrape_lista:64 - 🛒 Amazon: 24 cards encontrados em https://www.amazon.com.br/bestsellers
2026-03-19 10:27:01.945 | INFO     | src.scraper_amazon:_scrape_lista:64 - 🛒 Amazon: 0 cards encontrados em https://www.amazon.com.br/deals
2026-03-19 10:27:01.946 | INFO     | src.scraper_amazon:scrape_amazon:199 - 🔍 Amazon: Verificando estoque de 0 produtos...
2026-03-19 10:27:01.950 | SUCCESS  | src.scraper_amazon:scrape_amazon:237 - ✅ Amazon: 0 produtos válidos coletados. (0 erros)
2026-03-19 10:27:01.950 | INFO     | __main__:executar_varredura:125 - 🏪 Varrendo Shopee...
2026-03-19 10:27:18.014 | INFO     | src.scraper_shopee:_scrape_lista:56 - 🛒 Shopee: 0 cards encontrados em https://shopee.com.br/flash_sale
2026-03-19 10:27:32.909 | INFO     | src.scraper_shopee:_scrape_lista:56 - 🛒 Shopee: 0 cards encontrados em https://shopee.com.br/search?keyword=mais+vendidos&sortBy=sales
2026-03-19 10:27:32.909 | INFO     | src.scraper_shopee:scrape_shopee:182 - 🔍 Shopee: Verificando estoque de 0 produtos...
2026-03-19 10:27:32.915 | SUCCESS  | src.scraper_shopee:scrape_shopee:213 - ✅ Shopee: 0 produtos válidos coletados. (0 erros)
2026-03-19 10:27:33.919 | SUCCESS  | src.database:upsert_produtos:125 - ✅ 9 produtos salvos/atualizados no Supabase.
2026-03-19 10:27:33.919 | INFO     | __main__:executar_varredura:149 - =======================================================
2026-03-19 10:27:33.919 | INFO     | __main__:executar_varredura:150 - 📊 RELATÓRIO DA VARREDURA
2026-03-19 10:27:33.919 | INFO     | __main__:executar_varredura:151 -    🕐 Duração:         1min 45s
2026-03-19 10:27:33.919 | INFO     | __main__:executar_varredura:152 -    🔍 Total encontrado: 9 produtos
2026-03-19 10:27:33.920 | INFO     | __main__:executar_varredura:153 -    💾 Salvos no banco:  9 registros
2026-03-19 10:27:33.920 | INFO     | __main__:executar_varredura:154 -    ❌ Erros:           0
2026-03-19 10:27:33.920 | INFO     | __main__:executar_varredura:158 - =======================================================
2026-03-19 11:15:47.275 | INFO     | __main__:<module>:238 - ▶ Modo: Varredura imediata
2026-03-19 11:15:47.278 | INFO     | __main__:executar_varredura:68 - =======================================================
2026-03-19 11:15:47.278 | INFO     | __main__:executar_varredura:69 - 🚀 Iniciando varredura em 19/03/2026 11:15:47
2026-03-19 11:15:47.278 | INFO     | __main__:executar_varredura:70 - =======================================================
2026-03-19 11:15:48.375 | INFO     | src.database:log_execucao_start:142 - 📋 Execução registrada com ID: 2
2026-03-19 11:15:48.775 | INFO     | __main__:executar_varredura:105 - 🏪 Varrendo Mercado Livre...
2026-03-19 11:16:05.590 | INFO     | src.scraper_ml:_scrape_lista:76 - 🛒 ML: 72 cards encontrados em https://www.mercadolivre.com.br/ofertas
2026-03-19 11:16:14.393 | INFO     | src.scraper_ml:_scrape_lista:76 - 🛒 ML: 20 cards encontrados em https://www.mercadolivre.com.br/mais-vendidos
2026-03-19 11:16:14.708 | INFO     | src.scraper_ml:scrape_mercadolivre:231 - 🔍 ML: Verificando estoque de 12 produtos...
2026-03-19 11:16:17.959 | DEBUG    | src.scraper_ml:scrape_mercadolivre:261 - ✓ ML: Kit 10 Pote De Vidro Marmita Hermético 370ml Freez — R$21.00
2026-03-19 11:16:21.502 | DEBUG    | src.scraper_ml:scrape_mercadolivre:261 - ✓ ML: Parafusadeira Furadeira The Black Tools Tb12a 3/8  — R$7.00
2026-03-19 11:16:24.664 | DEBUG    | src.scraper_ml:scrape_mercadolivre:261 - ✓ ML: Kit 6 Pares Meias Lupo Cano Médio Esportivas Acade — R$48.99
2026-03-19 11:16:27.645 | DEBUG    | src.scraper_ml:scrape_mercadolivre:261 - ✓ ML: Batedeira Planetária Philco Pbp90a 5l 12 Velocidad — R$285.00
2026-03-19 11:16:31.018 | DEBUG    | src.scraper_ml:scrape_mercadolivre:261 - ✓ ML: Protetor Solar Com Cor, Alta Cobertura 12h, Oil-fr — R$56.96
2026-03-19 11:16:34.088 | DEBUG    | src.scraper_ml:scrape_mercadolivre:261 - ✓ ML: Perfume Masculino Eau De Parfum Azzaro The Most Wa — R$489.00
2026-03-19 11:16:37.946 | DEBUG    | src.scraper_ml:scrape_mercadolivre:240 - ML: Produto sem estoque ignorado: Parafusadeira E Furadeira Impacto The Bl
2026-03-19 11:16:41.965 | DEBUG    | src.scraper_ml:scrape_mercadolivre:240 - ML: Produto sem estoque ignorado: Kit 10 Potes Vidro 370ml Hermético Marmi
2026-03-19 11:16:46.300 | DEBUG    | src.scraper_ml:scrape_mercadolivre:240 - ML: Produto sem estoque ignorado: Body Splash Masculino Barbarius E Midtow
2026-03-19 11:16:49.497 | DEBUG    | src.scraper_ml:scrape_mercadolivre:261 - ✓ ML: Cadeira Gamer Wells Preta Healer Preto Couro Sinté — R$479.00
2026-03-19 11:16:52.625 | DEBUG    | src.scraper_ml:scrape_mercadolivre:261 - ✓ ML: Calça Respirável Esportiva Slim Tactel Elastano Ac — R$39.90
2026-03-19 11:16:55.851 | DEBUG    | src.scraper_ml:scrape_mercadolivre:261 - ✓ ML: Parafusadeira Furadeira De Impacto A Bateria 21v 3 — R$7.00
2026-03-19 11:16:55.855 | SUCCESS  | src.scraper_ml:scrape_mercadolivre:270 - ✅ Mercado Livre: 9 produtos válidos coletados. (0 erros)
2026-03-19 11:16:55.856 | INFO     | __main__:executar_varredura:115 - 🏪 Varrendo Amazon...
2026-03-19 11:17:03.483 | INFO     | src.scraper_amazon:_scrape_lista:64 - 🛒 Amazon: 24 cards encontrados em https://www.amazon.com.br/bestsellers
2026-03-19 11:17:11.469 | INFO     | src.scraper_amazon:_scrape_lista:64 - 🛒 Amazon: 0 cards encontrados em https://www.amazon.com.br/deals
2026-03-19 11:17:11.470 | INFO     | src.scraper_amazon:scrape_amazon:208 - 🔍 Amazon: Verificando estoque de 15 produtos...
2026-03-19 11:17:15.087 | DEBUG    | src.scraper_amazon:scrape_amazon:237 - ✓ Amazon: Sanduicheira Elétrica Cadence Click - 127V — R$92.80
2026-03-19 11:17:18.622 | DEBUG    | src.scraper_amazon:scrape_amazon:237 - ✓ Amazon: Electrolux Kit 12 Potes Herméticos de Plástico Ret — R$99.90
2026-03-19 11:17:21.984 | DEBUG    | src.scraper_amazon:scrape_amazon:237 - ✓ Amazon: Gato Panda KIT 5 Potes de Vidro Retangular com Tam — R$67.00
2026-03-19 11:17:25.643 | DEBUG    | src.scraper_amazon:scrape_amazon:237 - ✓ Amazon: Filtro/Refil Original de Água Acqua Pure para Puri — R$69.89
2026-03-19 11:17:30.105 | DEBUG    | src.scraper_amazon:scrape_amazon:237 - ✓ Amazon: Chinelo Havaianas Top adulto-unissex — R$27.90
2026-03-19 11:17:33.590 | DEBUG    | src.scraper_amazon:scrape_amazon:237 - ✓ Amazon: Kit 6 Pares Meias Lupo 3245 Cano Médio Algodão - S — R$64.49
2026-03-19 11:17:37.044 | DEBUG    | src.scraper_amazon:scrape_amazon:237 - ✓ Amazon: Suporte para Notebook e Tablet Linha Premium em Al — R$29.90
2026-03-19 11:17:40.724 | DEBUG    | src.scraper_amazon:scrape_amazon:237 - ✓ Amazon: Escrivaninha Trevalla Kuadra Me150-E10 Industrial  — R$328.11
2026-03-19 11:17:44.546 | DEBUG    | src.scraper_amazon:scrape_amazon:237 - ✓ Amazon: Omo Sabão Líquido Ultra Power 1,8 L — R$23.99
2026-03-19 11:17:48.484 | DEBUG    | src.scraper_amazon:scrape_amazon:237 - ✓ Amazon: Brilhante Limpeza Total - Lava Roupas Líquido 3L — R$24.99
2026-03-19 11:17:52.256 | DEBUG    | src.scraper_amazon:scrape_amazon:237 - ✓ Amazon: Omo Sabão Líquido Lavagem Perfeita 3L — R$35.99
2026-03-19 11:17:55.760 | DEBUG    | src.scraper_amazon:scrape_amazon:237 - ✓ Amazon: Scala Plus Papel Toalha Multipicote, 200 Toalhas ( — R$7.09
2026-03-19 11:17:59.876 | DEBUG    | src.scraper_amazon:scrape_amazon:237 - ✓ Amazon: Scotch, 3M, Fixa Forte, Fita Dupla Face, Fixação E — R$32.80
2026-03-19 11:18:03.547 | DEBUG    | src.scraper_amazon:scrape_amazon:237 - ✓ Amazon: Mor - Escada Alumínio 4 Degraus — R$130.55
2026-03-19 11:18:07.002 | DEBUG    | src.scraper_amazon:scrape_amazon:237 - ✓ Amazon: WAP Parafusadeira e Furadeira à Bateria 12V BPF-12 — R$169.90
2026-03-19 11:18:07.008 | SUCCESS  | src.scraper_amazon:scrape_amazon:246 - ✅ Amazon: 15 produtos válidos coletados. (0 erros)
2026-03-19 11:18:07.008 | INFO     | __main__:executar_varredura:125 - 🏪 Varrendo Shopee...
2026-03-19 11:18:28.227 | INFO     | src.scraper_shopee:_scrape_lista:60 - 🛒 Shopee: 0 cards encontrados em https://shopee.com.br/flash_sale
2026-03-19 11:18:48.558 | INFO     | src.scraper_shopee:_scrape_lista:60 - 🛒 Shopee: 0 cards encontrados em https://shopee.com.br/search?keyword=mais+vendidos&sortBy=sales
2026-03-19 11:18:48.560 | INFO     | src.scraper_shopee:scrape_shopee:186 - 🔍 Shopee: Verificando estoque de 0 produtos...
2026-03-19 11:18:48.564 | SUCCESS  | src.scraper_shopee:scrape_shopee:217 - ✅ Shopee: 0 produtos válidos coletados. (0 erros)
2026-03-19 11:18:49.496 | SUCCESS  | src.database:upsert_produtos:125 - ✅ 24 produtos salvos/atualizados no Supabase.
2026-03-19 11:18:49.496 | INFO     | __main__:executar_varredura:149 - =======================================================
2026-03-19 11:18:49.496 | INFO     | __main__:executar_varredura:150 - 📊 RELATÓRIO DA VARREDURA
2026-03-19 11:18:49.496 | INFO     | __main__:executar_varredura:151 -    🕐 Duração:         3min 2s
2026-03-19 11:18:49.497 | INFO     | __main__:executar_varredura:152 -    🔍 Total encontrado: 24 produtos
2026-03-19 11:18:49.497 | INFO     | __main__:executar_varredura:153 -    💾 Salvos no banco:  24 registros
2026-03-19 11:18:49.497 | INFO     | __main__:executar_varredura:154 -    ❌ Erros:           0
2026-03-19 11:18:49.497 | INFO     | __main__:executar_varredura:158 - =======================================================
2026-03-19 11:24:48.510 | INFO     | __main__:<module>:238 - ▶ Modo: Varredura imediata
2026-03-19 11:24:48.512 | INFO     | __main__:executar_varredura:68 - =======================================================
2026-03-19 11:24:48.512 | INFO     | __main__:executar_varredura:69 - 🚀 Iniciando varredura em 19/03/2026 11:24:48
2026-03-19 11:24:48.512 | INFO     | __main__:executar_varredura:70 - =======================================================
2026-03-19 11:24:48.990 | INFO     | src.database:log_execucao_start:142 - 📋 Execução registrada com ID: 3
2026-03-19 11:24:49.359 | INFO     | __main__:executar_varredura:105 - 🏪 Varrendo Mercado Livre...
2026-03-19 11:25:06.152 | INFO     | src.scraper_ml:_scrape_lista:76 - 🛒 ML: 72 cards encontrados em https://www.mercadolivre.com.br/ofertas
2026-03-19 11:25:15.624 | INFO     | src.scraper_ml:_scrape_lista:76 - 🛒 ML: 20 cards encontrados em https://www.mercadolivre.com.br/mais-vendidos
2026-03-19 11:25:15.959 | INFO     | src.scraper_ml:scrape_mercadolivre:231 - 🔍 ML: Verificando estoque de 12 produtos...
2026-03-19 11:25:19.003 | DEBUG    | src.scraper_ml:scrape_mercadolivre:261 - ✓ ML: Kit 10 Pote De Vidro Marmita Hermético 370ml Freez — R$21.00
2026-03-19 11:25:22.251 | DEBUG    | src.scraper_ml:scrape_mercadolivre:261 - ✓ ML: Parafusadeira Furadeira The Black Tools Tb12a 3/8  — R$7.00
2026-03-19 11:25:25.734 | DEBUG    | src.scraper_ml:scrape_mercadolivre:261 - ✓ ML: Kit 6 Pares Meias Lupo Cano Médio Esportivas Acade — R$48.99
2026-03-19 11:25:28.816 | DEBUG    | src.scraper_ml:scrape_mercadolivre:261 - ✓ ML: Batedeira Planetária Philco Pbp90a 5l 12 Velocidad — R$285.00
2026-03-19 11:25:32.022 | DEBUG    | src.scraper_ml:scrape_mercadolivre:261 - ✓ ML: Protetor Solar Com Cor, Alta Cobertura 12h, Oil-fr — R$56.96
2026-03-19 11:25:35.415 | DEBUG    | src.scraper_ml:scrape_mercadolivre:261 - ✓ ML: Calça Respirável Esportiva Slim Tactel Elastano Ac — R$39.90
2026-03-19 11:25:38.239 | DEBUG    | src.scraper_ml:scrape_mercadolivre:240 - ML: Produto sem estoque ignorado: Parafusadeira Furadeira De Impacto Sem F
2026-03-19 11:25:41.020 | DEBUG    | src.scraper_ml:scrape_mercadolivre:240 - ML: Produto sem estoque ignorado: Cadeira De Escritório Ergonômica Palo Al
2026-03-19 11:25:43.911 | DEBUG    | src.scraper_ml:scrape_mercadolivre:240 - ML: Produto sem estoque ignorado: Body Splash Masculino Barbarius E Midtow
2026-03-19 11:25:47.153 | DEBUG    | src.scraper_ml:scrape_mercadolivre:261 - ✓ ML: Cadeira Gamer Wells Preta Healer Preto Couro Sinté — R$479.00
2026-03-19 11:25:50.239 | DEBUG    | src.scraper_ml:scrape_mercadolivre:261 - ✓ ML: Perfume Masculino Eau De Parfum Azzaro The Most Wa — R$489.00
2026-03-19 11:25:53.274 | DEBUG    | src.scraper_ml:scrape_mercadolivre:261 - ✓ ML: Kit 4 Cuecas Boxer Puma Poliamida Sem Costura Box  — R$97.99
2026-03-19 11:25:53.280 | SUCCESS  | src.scraper_ml:scrape_mercadolivre:270 - ✅ Mercado Livre: 9 produtos válidos coletados. (0 erros)
2026-03-19 11:25:53.281 | INFO     | __main__:executar_varredura:115 - 🏪 Varrendo Amazon...
2026-03-19 11:26:01.143 | INFO     | src.scraper_amazon:_scrape_lista:64 - 🛒 Amazon: 24 cards encontrados em https://www.amazon.com.br/bestsellers
2026-03-19 11:26:09.291 | INFO     | src.scraper_amazon:_scrape_lista:64 - 🛒 Amazon: 25 cards encontrados em https://www.amazon.com.br/deals
2026-03-19 11:26:09.583 | INFO     | src.scraper_amazon:scrape_amazon:208 - 🔍 Amazon: Verificando estoque de 15 produtos...
2026-03-19 11:26:13.164 | DEBUG    | src.scraper_amazon:scrape_amazon:237 - ✓ Amazon: Sanduicheira Elétrica Cadence Click - 127V — R$92.80
2026-03-19 11:26:16.773 | DEBUG    | src.scraper_amazon:scrape_amazon:237 - ✓ Amazon: Electrolux Kit 12 Potes Herméticos de Plástico Ret — R$99.90
2026-03-19 11:26:20.208 | DEBUG    | src.scraper_amazon:scrape_amazon:237 - ✓ Amazon: Gato Panda KIT 5 Potes de Vidro Retangular com Tam — R$67.00
2026-03-19 11:26:24.314 | DEBUG    | src.scraper_amazon:scrape_amazon:237 - ✓ Amazon: Filtro/Refil Original de Água Acqua Pure para Puri — R$69.89
2026-03-19 11:26:28.129 | DEBUG    | src.scraper_amazon:scrape_amazon:237 - ✓ Amazon: Chinelo Havaianas Top adulto-unissex — R$27.90
2026-03-19 11:26:31.930 | DEBUG    | src.scraper_amazon:scrape_amazon:237 - ✓ Amazon: Kit 6 Pares Meias Lupo 3245 Cano Médio Algodão - S — R$64.49
2026-03-19 11:26:35.443 | DEBUG    | src.scraper_amazon:scrape_amazon:237 - ✓ Amazon: Suporte para Notebook e Tablet Linha Premium em Al — R$29.90
2026-03-19 11:26:38.946 | DEBUG    | src.scraper_amazon:scrape_amazon:237 - ✓ Amazon: Escrivaninha Trevalla Kuadra Me150-E10 Industrial  — R$328.11
2026-03-19 11:26:42.476 | DEBUG    | src.scraper_amazon:scrape_amazon:237 - ✓ Amazon: Omo Sabão Líquido Ultra Power 1,8 L — R$23.99
2026-03-19 11:26:46.206 | DEBUG    | src.scraper_amazon:scrape_amazon:237 - ✓ Amazon: Brilhante Limpeza Total - Lava Roupas Líquido 3L — R$24.99
2026-03-19 11:26:49.846 | DEBUG    | src.scraper_amazon:scrape_amazon:237 - ✓ Amazon: Omo Sabão Líquido Lavagem Perfeita 3L — R$35.99
2026-03-19 11:26:53.212 | DEBUG    | src.scraper_amazon:scrape_amazon:237 - ✓ Amazon: Scala Plus Papel Toalha Multipicote, 200 Toalhas ( — R$7.09
2026-03-19 11:26:56.962 | DEBUG    | src.scraper_amazon:scrape_amazon:237 - ✓ Amazon: Scotch, 3M, Fixa Forte, Fita Dupla Face, Fixação E — R$32.80
2026-03-19 11:27:00.506 | DEBUG    | src.scraper_amazon:scrape_amazon:237 - ✓ Amazon: Mor - Escada Alumínio 4 Degraus — R$130.55
2026-03-19 11:27:03.946 | DEBUG    | src.scraper_amazon:scrape_amazon:237 - ✓ Amazon: WAP Parafusadeira e Furadeira à Bateria 12V BPF-12 — R$169.90
2026-03-19 11:27:03.952 | SUCCESS  | src.scraper_amazon:scrape_amazon:246 - ✅ Amazon: 15 produtos válidos coletados. (0 erros)
2026-03-19 11:27:03.952 | INFO     | __main__:executar_varredura:125 - 🏪 Varrendo Shopee...
2026-03-19 11:27:24.854 | INFO     | src.scraper_shopee:_scrape_lista:60 - 🛒 Shopee: 0 cards encontrados em https://shopee.com.br/flash_sale
2026-03-19 11:27:45.236 | INFO     | src.scraper_shopee:_scrape_lista:60 - 🛒 Shopee: 0 cards encontrados em https://shopee.com.br/search?keyword=mais+vendidos&sortBy=sales
2026-03-19 11:27:45.237 | INFO     | src.scraper_shopee:scrape_shopee:186 - 🔍 Shopee: Verificando estoque de 0 produtos...
2026-03-19 11:27:45.242 | SUCCESS  | src.scraper_shopee:scrape_shopee:217 - ✅ Shopee: 0 produtos válidos coletados. (0 erros)
2026-03-19 11:27:45.923 | SUCCESS  | src.database:upsert_produtos:125 - ✅ 24 produtos salvos/atualizados no Supabase.
2026-03-19 11:27:45.923 | INFO     | __main__:executar_varredura:149 - =======================================================
2026-03-19 11:27:45.924 | INFO     | __main__:executar_varredura:150 - 📊 RELATÓRIO DA VARREDURA
2026-03-19 11:27:45.924 | INFO     | __main__:executar_varredura:151 -    🕐 Duração:         2min 57s
2026-03-19 11:27:45.924 | INFO     | __main__:executar_varredura:152 -    🔍 Total encontrado: 24 produtos
2026-03-19 11:27:45.925 | INFO     | __main__:executar_varredura:153 -    💾 Salvos no banco:  24 registros
2026-03-19 11:27:45.925 | INFO     | __main__:executar_varredura:154 -    ❌ Erros:           0
2026-03-19 11:27:45.925 | INFO     | __main__:executar_varredura:158 - =======================================================
2026-03-19 11:40:31.590 | INFO     | __main__:<module>:238 - ▶ Modo: Varredura imediata
2026-03-19 11:40:31.591 | INFO     | __main__:executar_varredura:68 - =======================================================
2026-03-19 11:40:31.591 | INFO     | __main__:executar_varredura:69 - 🚀 Iniciando varredura em 19/03/2026 11:40:31
2026-03-19 11:40:31.591 | INFO     | __main__:executar_varredura:70 - =======================================================
2026-03-19 11:40:32.793 | INFO     | src.database:log_execucao_start:142 - 📋 Execução registrada com ID: 4
2026-03-19 11:40:33.146 | INFO     | __main__:executar_varredura:105 - 🏪 Varrendo Mercado Livre...
2026-03-19 11:40:50.209 | INFO     | src.scraper_ml:_scrape_lista:76 - 🛒 ML: 72 cards encontrados em https://www.mercadolivre.com.br/ofertas
2026-03-19 11:40:59.083 | INFO     | src.scraper_ml:_scrape_lista:76 - 🛒 ML: 20 cards encontrados em https://www.mercadolivre.com.br/mais-vendidos
2026-03-19 11:40:59.404 | INFO     | src.scraper_ml:scrape_mercadolivre:231 - 🔍 ML: Verificando estoque de 12 produtos...
2026-03-19 11:41:02.728 | DEBUG    | src.scraper_ml:scrape_mercadolivre:261 - ✓ ML: Kit 10 Pote De Vidro Marmita Hermético 370ml Freez — R$21.00
2026-03-19 11:41:06.310 | DEBUG    | src.scraper_ml:scrape_mercadolivre:261 - ✓ ML: Parafusadeira Furadeira The Black Tools Tb12a 3/8  — R$7.00
2026-03-19 11:41:10.128 | DEBUG    | src.scraper_ml:scrape_mercadolivre:261 - ✓ ML: Kit 6 Pares Meias Lupo Cano Médio Esportivas Acade — R$48.99
2026-03-19 11:41:13.645 | DEBUG    | src.scraper_ml:scrape_mercadolivre:261 - ✓ ML: Batedeira Planetária Philco Pbp90a 5l 12 Velocidad — R$285.00
2026-03-19 11:41:16.984 | DEBUG    | src.scraper_ml:scrape_mercadolivre:261 - ✓ ML: Protetor Solar Com Cor, Alta Cobertura 12h, Oil-fr — R$56.96
2026-03-19 11:41:20.526 | DEBUG    | src.scraper_ml:scrape_mercadolivre:261 - ✓ ML: Calça Respirável Esportiva Slim Tactel Elastano Ac — R$39.90
2026-03-19 11:41:24.480 | DEBUG    | src.scraper_ml:scrape_mercadolivre:240 - ML: Produto sem estoque ignorado: Parafusadeira Furadeira 48v Profissional
2026-03-19 11:41:28.135 | DEBUG    | src.scraper_ml:scrape_mercadolivre:240 - ML: Produto sem estoque ignorado: Cadeira De Escritório Ergonômica Palo Al
2026-03-19 11:41:31.772 | DEBUG    | src.scraper_ml:scrape_mercadolivre:240 - ML: Produto sem estoque ignorado: Body Splash Masculino Barbarius E Midtow
2026-03-19 11:41:35.058 | DEBUG    | src.scraper_ml:scrape_mercadolivre:261 - ✓ ML: Cadeira Gamer Wells Preta Healer Preto Couro Sinté — R$479.00
2026-03-19 11:41:38.265 | DEBUG    | src.scraper_ml:scrape_mercadolivre:261 - ✓ ML: Perfume Masculino Eau De Parfum Azzaro The Most Wa — R$489.00
2026-03-19 11:41:41.974 | DEBUG    | src.scraper_ml:scrape_mercadolivre:261 - ✓ ML: Kit 4 Cuecas Boxer Puma Poliamida Sem Costura Box  — R$97.99
2026-03-19 11:41:41.978 | SUCCESS  | src.scraper_ml:scrape_mercadolivre:270 - ✅ Mercado Livre: 9 produtos válidos coletados. (0 erros)
2026-03-19 11:41:41.979 | INFO     | __main__:executar_varredura:115 - 🏪 Varrendo Amazon...
2026-03-19 11:41:50.593 | INFO     | src.scraper_amazon:_scrape_lista:64 - 🛒 Amazon: 24 cards encontrados em https://www.amazon.com.br/bestsellers
2026-03-19 11:41:59.091 | INFO     | src.scraper_amazon:_scrape_lista:64 - 🛒 Amazon: 8 cards encontrados em https://www.amazon.com.br/deals
2026-03-19 11:41:59.205 | INFO     | src.scraper_amazon:scrape_amazon:220 - 🔍 Amazon: Verificando estoque de 15 produtos...
2026-03-19 11:42:03.228 | DEBUG    | src.scraper_amazon:scrape_amazon:255 - ✓ Amazon: Sanduicheira Elétrica Cadence Click - 127V — R$92.80
2026-03-19 11:42:07.258 | DEBUG    | src.scraper_amazon:scrape_amazon:255 - ✓ Amazon: Electrolux Kit 12 Potes Herméticos de Plástico Ret — R$99.90
2026-03-19 11:42:10.875 | DEBUG    | src.scraper_amazon:scrape_amazon:255 - ✓ Amazon: Gato Panda KIT 5 Potes de Vidro Retangular com Tam — R$71.00
2026-03-19 11:42:14.583 | DEBUG    | src.scraper_amazon:scrape_amazon:255 - ✓ Amazon: Filtro/Refil Original de Água Acqua Pure para Puri — R$78.49
2026-03-19 11:42:19.319 | DEBUG    | src.scraper_amazon:scrape_amazon:255 - ✓ Amazon: Chinelo Havaianas Top adulto-unissex — R$27.90
2026-03-19 11:42:23.352 | DEBUG    | src.scraper_amazon:scrape_amazon:255 - ✓ Amazon: Kit 6 Pares Meias Lupo 3245 Cano Médio Algodão - S — R$64.49
2026-03-19 11:42:26.956 | DEBUG    | src.scraper_amazon:scrape_amazon:255 - ✓ Amazon: Suporte para Notebook e Tablet Linha Premium em Al — R$29.90
2026-03-19 11:42:30.804 | DEBUG    | src.scraper_amazon:scrape_amazon:255 - ✓ Amazon: Escrivaninha Trevalla Kuadra Me150-E10 Industrial  — R$328.11
2026-03-19 11:42:34.803 | DEBUG    | src.scraper_amazon:scrape_amazon:255 - ✓ Amazon: Omo Sabão Líquido Ultra Power 1,8 L — R$23.99
2026-03-19 11:42:38.876 | DEBUG    | src.scraper_amazon:scrape_amazon:255 - ✓ Amazon: Brilhante Limpeza Total - Lava Roupas Líquido 3L — R$24.99
2026-03-19 11:42:42.948 | DEBUG    | src.scraper_amazon:scrape_amazon:255 - ✓ Amazon: Omo Sabão Líquido Lavagem Perfeita 3L — R$35.99
2026-03-19 11:42:46.634 | DEBUG    | src.scraper_amazon:scrape_amazon:255 - ✓ Amazon: Scala Plus Papel Toalha Multipicote, 200 Toalhas ( — R$7.09
2026-03-19 11:42:50.713 | DEBUG    | src.scraper_amazon:scrape_amazon:255 - ✓ Amazon: Scotch, 3M, Fixa Forte, Fita Dupla Face, Fixação E — R$32.80
2026-03-19 11:42:54.635 | DEBUG    | src.scraper_amazon:scrape_amazon:255 - ✓ Amazon: Mor - Escada Alumínio 4 Degraus — R$130.55
2026-03-19 11:42:58.406 | DEBUG    | src.scraper_amazon:scrape_amazon:255 - ✓ Amazon: WAP Parafusadeira e Furadeira à Bateria 12V BPF-12 — R$161.41
2026-03-19 11:42:58.411 | SUCCESS  | src.scraper_amazon:scrape_amazon:264 - ✅ Amazon: 15 produtos válidos coletados. (0 erros)
2026-03-19 11:42:58.411 | INFO     | __main__:executar_varredura:125 - 🏪 Varrendo Shopee...
2026-03-19 11:43:23.850 | INFO     | src.scraper_shopee:_scrape_lista:61 - 🛒 Shopee: 0 cards encontrados em https://shopee.com.br/flash_sale
2026-03-19 11:43:49.398 | INFO     | src.scraper_shopee:_scrape_lista:61 - 🛒 Shopee: 0 cards encontrados em https://shopee.com.br/search?keyword=mais+vendidos&sortBy=sales
2026-03-19 11:43:49.398 | INFO     | src.scraper_shopee:scrape_shopee:191 - 🔍 Shopee: Verificando estoque de 0 produtos...
2026-03-19 11:43:49.403 | SUCCESS  | src.scraper_shopee:scrape_shopee:223 - ✅ Shopee: 0 produtos válidos coletados. (0 erros)
2026-03-19 11:43:50.583 | SUCCESS  | src.database:upsert_produtos:125 - ✅ 24 produtos salvos/atualizados no Supabase.
2026-03-19 11:43:50.587 | INFO     | __main__:executar_varredura:149 - =======================================================
2026-03-19 11:43:50.587 | INFO     | __main__:executar_varredura:150 - 📊 RELATÓRIO DA VARREDURA
2026-03-19 11:43:50.587 | INFO     | __main__:executar_varredura:151 -    🕐 Duração:         3min 18s
2026-03-19 11:43:50.587 | INFO     | __main__:executar_varredura:152 -    🔍 Total encontrado: 24 produtos
2026-03-19 11:43:50.587 | INFO     | __main__:executar_varredura:153 -    💾 Salvos no banco:  24 registros
2026-03-19 11:43:50.587 | INFO     | __main__:executar_varredura:154 -    ❌ Erros:           0
2026-03-19 11:43:50.587 | INFO     | __main__:executar_varredura:158 - =======================================================
2026-03-19 11:48:31.193 | INFO     | __main__:<module>:238 - ▶ Modo: Varredura imediata
2026-03-19 11:48:31.194 | INFO     | __main__:executar_varredura:68 - =======================================================
2026-03-19 11:48:31.195 | INFO     | __main__:executar_varredura:69 - 🚀 Iniciando varredura em 19/03/2026 11:48:31
2026-03-19 11:48:31.195 | INFO     | __main__:executar_varredura:70 - =======================================================
2026-03-19 11:48:32.017 | INFO     | src.database:log_execucao_start:142 - 📋 Execução registrada com ID: 5
2026-03-19 11:48:32.470 | INFO     | __main__:executar_varredura:105 - 🏪 Varrendo Mercado Livre...
2026-03-19 11:48:41.762 | INFO     | src.scraper_ml:_scrape_lista:76 - 🛒 ML: 72 cards encontrados em https://www.mercadolivre.com.br/ofertas
2026-03-19 11:48:50.701 | INFO     | src.scraper_ml:_scrape_lista:76 - 🛒 ML: 20 cards encontrados em https://www.mercadolivre.com.br/mais-vendidos
2026-03-19 11:48:51.040 | INFO     | src.scraper_ml:scrape_mercadolivre:231 - 🔍 ML: Verificando estoque de 12 produtos...
2026-03-19 11:48:54.321 | DEBUG    | src.scraper_ml:scrape_mercadolivre:261 - ✓ ML: Kit 10 Pote De Vidro Marmita Hermético 370ml Freez — R$21.00
2026-03-19 11:48:57.645 | DEBUG    | src.scraper_ml:scrape_mercadolivre:261 - ✓ ML: Parafusadeira Furadeira The Black Tools Tb12a 3/8  — R$74.00
2026-03-19 11:49:00.949 | DEBUG    | src.scraper_ml:scrape_mercadolivre:261 - ✓ ML: Kit 6 Pares Meias Lupo Cano Médio Esportivas Acade — R$48.99
2026-03-19 11:49:04.019 | DEBUG    | src.scraper_ml:scrape_mercadolivre:261 - ✓ ML: Batedeira Planetária Philco Pbp90a 5l 12 Velocidad — R$285.00
2026-03-19 11:49:07.277 | DEBUG    | src.scraper_ml:scrape_mercadolivre:261 - ✓ ML: Protetor Solar Com Cor, Alta Cobertura 12h, Oil-fr — R$56.96
2026-03-19 11:49:10.411 | DEBUG    | src.scraper_ml:scrape_mercadolivre:261 - ✓ ML: Calça Respirável Esportiva Slim Tactel Elastano Ac — R$39.90
2026-03-19 11:49:14.267 | DEBUG    | src.scraper_ml:scrape_mercadolivre:240 - ML: Produto sem estoque ignorado: Parafusadeira Furadeira De Impacto Sem F
2026-03-19 11:49:17.880 | DEBUG    | src.scraper_ml:scrape_mercadolivre:240 - ML: Produto sem estoque ignorado: Cadeira De Escritório Ergonômica Palo Al
2026-03-19 11:49:21.827 | DEBUG    | src.scraper_ml:scrape_mercadolivre:240 - ML: Produto sem estoque ignorado: Kit 4-calças Jeans Ideal Trabalho Pesado
2026-03-19 11:49:25.071 | DEBUG    | src.scraper_ml:scrape_mercadolivre:261 - ✓ ML: Cadeira Gamer Wells Preta Healer Preto Couro Sinté — R$479.00
2026-03-19 11:49:28.230 | DEBUG    | src.scraper_ml:scrape_mercadolivre:261 - ✓ ML: Perfume Masculino Eau De Parfum Azzaro The Most Wa — R$489.00
2026-03-19 11:49:31.362 | DEBUG    | src.scraper_ml:scrape_mercadolivre:261 - ✓ ML: Kit 4 Cuecas Boxer Puma Poliamida Sem Costura Box  — R$97.99
2026-03-19 11:49:31.367 | SUCCESS  | src.scraper_ml:scrape_mercadolivre:270 - ✅ Mercado Livre: 9 produtos válidos coletados. (0 erros)
2026-03-19 11:49:31.368 | INFO     | __main__:executar_varredura:115 - 🏪 Varrendo Amazon...
2026-03-19 11:49:39.012 | INFO     | src.scraper_amazon:_scrape_lista:64 - 🛒 Amazon: 24 cards encontrados em https://www.amazon.com.br/bestsellers
2026-03-19 11:50:01.930 | INFO     | src.scraper_amazon:_scrape_lista:64 - 🛒 Amazon: 8 cards encontrados em https://www.amazon.com.br/deals
2026-03-19 11:50:02.027 | INFO     | src.scraper_amazon:scrape_amazon:220 - 🔍 Amazon: Verificando estoque de 15 produtos...
2026-03-19 11:50:06.211 | DEBUG    | src.scraper_amazon:scrape_amazon:255 - ✓ Amazon: Sanduicheira Elétrica Cadence Click - 127V — R$92.80
2026-03-19 11:50:10.163 | DEBUG    | src.scraper_amazon:scrape_amazon:255 - ✓ Amazon: Electrolux Kit 12 Potes Herméticos de Plástico Ret — R$99.90
2026-03-19 11:50:13.931 | DEBUG    | src.scraper_amazon:scrape_amazon:255 - ✓ Amazon: Gato Panda KIT 5 Potes de Vidro Retangular com Tam — R$71.00
2026-03-19 11:50:17.539 | DEBUG    | src.scraper_amazon:scrape_amazon:255 - ✓ Amazon: Filtro/Refil Original de Água Acqua Pure para Puri — R$78.49
2026-03-19 11:50:21.788 | DEBUG    | src.scraper_amazon:scrape_amazon:255 - ✓ Amazon: Chinelo Havaianas Top adulto-unissex — R$27.90
2026-03-19 11:50:25.694 | DEBUG    | src.scraper_amazon:scrape_amazon:255 - ✓ Amazon: Kit 6 Pares Meias Lupo 3245 Cano Médio Algodão - S — R$64.49
2026-03-19 11:50:29.176 | DEBUG    | src.scraper_amazon:scrape_amazon:255 - ✓ Amazon: Suporte para Notebook e Tablet Linha Premium em Al — R$29.90
2026-03-19 11:50:32.851 | DEBUG    | src.scraper_amazon:scrape_amazon:255 - ✓ Amazon: Escrivaninha Trevalla Kuadra Me150-E10 Industrial  — R$328.11
2026-03-19 11:50:36.466 | DEBUG    | src.scraper_amazon:scrape_amazon:255 - ✓ Amazon: Omo Sabão Líquido Ultra Power 1,8 L — R$23.99
2026-03-19 11:50:40.196 | DEBUG    | src.scraper_amazon:scrape_amazon:255 - ✓ Amazon: Brilhante Limpeza Total - Lava Roupas Líquido 3L — R$24.99
2026-03-19 11:50:43.993 | DEBUG    | src.scraper_amazon:scrape_amazon:255 - ✓ Amazon: Omo Sabão Líquido Lavagem Perfeita 3L — R$35.99
2026-03-19 11:50:47.478 | DEBUG    | src.scraper_amazon:scrape_amazon:255 - ✓ Amazon: Scala Plus Papel Toalha Multipicote, 200 Toalhas ( — R$7.09
2026-03-19 11:50:51.598 | DEBUG    | src.scraper_amazon:scrape_amazon:255 - ✓ Amazon: Scotch, 3M, Fixa Forte, Fita Dupla Face, Fixação E — R$32.80
2026-03-19 11:50:55.505 | DEBUG    | src.scraper_amazon:scrape_amazon:255 - ✓ Amazon: Mor - Escada Alumínio 4 Degraus — R$130.55
2026-03-19 11:50:59.036 | DEBUG    | src.scraper_amazon:scrape_amazon:255 - ✓ Amazon: WAP Parafusadeira e Furadeira à Bateria 12V BPF-12 — R$161.41
2026-03-19 11:50:59.040 | SUCCESS  | src.scraper_amazon:scrape_amazon:264 - ✅ Amazon: 15 produtos válidos coletados. (0 erros)
2026-03-19 11:50:59.041 | INFO     | __main__:executar_varredura:125 - 🏪 Varrendo Shopee...
2026-03-19 11:51:24.111 | WARNING  | src.scraper_shopee:_scrape_lista:56 - 🕒 Shopee: Timeout aguardando cards. Tentando scroll...
2026-03-19 11:51:39.294 | ERROR    | src.scraper_shopee:_scrape_lista:67 - ❌ Shopee: Nenhum card encontrado com o seletor div[data-sqe='item']
2026-03-19 11:51:44.807 | INFO     | __main__:<module>:238 - ▶ Modo: Varredura imediata
2026-03-19 11:51:44.807 | INFO     | __main__:executar_varredura:68 - =======================================================
2026-03-19 11:51:44.807 | INFO     | __main__:executar_varredura:69 - 🚀 Iniciando varredura em 19/03/2026 11:51:44
2026-03-19 11:51:44.807 | INFO     | __main__:executar_varredura:70 - =======================================================
2026-03-19 11:51:46.246 | INFO     | src.database:log_execucao_start:142 - 📋 Execução registrada com ID: 6
2026-03-19 11:51:46.664 | INFO     | __main__:executar_varredura:105 - 🏪 Varrendo Mercado Livre...
2026-03-19 11:51:56.186 | INFO     | src.scraper_ml:_scrape_lista:76 - 🛒 ML: 72 cards encontrados em https://www.mercadolivre.com.br/ofertas
2026-03-19 11:52:04.550 | WARNING  | src.scraper_shopee:_scrape_lista:56 - 🕒 Shopee: Timeout aguardando cards. Tentando scroll...
2026-03-19 11:52:05.167 | INFO     | src.scraper_ml:_scrape_lista:76 - 🛒 ML: 20 cards encontrados em https://www.mercadolivre.com.br/mais-vendidos
2026-03-19 11:52:05.505 | INFO     | src.scraper_ml:scrape_mercadolivre:231 - 🔍 ML: Verificando estoque de 12 produtos...
2026-03-19 11:52:09.255 | DEBUG    | src.scraper_ml:scrape_mercadolivre:261 - ✓ ML: Kit 10 Pote De Vidro Marmita Hermético 370ml Freez — R$21.00
2026-03-19 11:52:12.539 | DEBUG    | src.scraper_ml:scrape_mercadolivre:261 - ✓ ML: Parafusadeira Furadeira The Black Tools Tb12a 3/8  — R$74.00
2026-03-19 11:52:15.726 | DEBUG    | src.scraper_ml:scrape_mercadolivre:261 - ✓ ML: Batedeira Planetária Philco Pbp90a 5l 12 Velocidad — R$285.00
2026-03-19 11:52:19.223 | DEBUG    | src.scraper_ml:scrape_mercadolivre:261 - ✓ ML: Kit 6 Pares Meias Lupo Cano Médio Esportivas Acade — R$48.99
2026-03-19 11:52:19.733 | ERROR    | src.scraper_shopee:_scrape_lista:67 - ❌ Shopee: Nenhum card encontrado com o seletor div[data-sqe='item']
2026-03-19 11:52:19.734 | INFO     | src.scraper_shopee:scrape_shopee:200 - 🔍 Shopee: Verificando estoque de 0 produtos...
2026-03-19 11:52:19.738 | SUCCESS  | src.scraper_shopee:scrape_shopee:232 - ✅ Shopee: 0 produtos válidos coletados. (0 erros)
2026-03-19 11:52:20.600 | SUCCESS  | src.database:upsert_produtos:125 - ✅ 24 produtos salvos/atualizados no Supabase.
2026-03-19 11:52:20.600 | INFO     | __main__:executar_varredura:149 - =======================================================
2026-03-19 11:52:20.600 | INFO     | __main__:executar_varredura:150 - 📊 RELATÓRIO DA VARREDURA
2026-03-19 11:52:20.600 | INFO     | __main__:executar_varredura:151 -    🕐 Duração:         3min 49s
2026-03-19 11:52:20.600 | INFO     | __main__:executar_varredura:152 -    🔍 Total encontrado: 24 produtos
2026-03-19 11:52:20.600 | INFO     | __main__:executar_varredura:153 -    💾 Salvos no banco:  24 registros
2026-03-19 11:52:20.600 | INFO     | __main__:executar_varredura:154 -    ❌ Erros:           0
2026-03-19 11:52:20.601 | INFO     | __main__:executar_varredura:158 - =======================================================
2026-03-19 11:52:22.545 | DEBUG    | src.scraper_ml:scrape_mercadolivre:261 - ✓ ML: Protetor Solar Com Cor, Alta Cobertura 12h, Oil-fr — R$56.96
2026-03-19 11:52:25.817 | DEBUG    | src.scraper_ml:scrape_mercadolivre:261 - ✓ ML: Cadeira Gamer Wells Preta Healer Preto Couro Sinté — R$479.00
2026-03-19 11:52:28.655 | DEBUG    | src.scraper_ml:scrape_mercadolivre:240 - ML: Produto sem estoque ignorado: Cadeira De Escritório Ergonômica Palo Al
2026-03-19 11:52:31.552 | DEBUG    | src.scraper_ml:scrape_mercadolivre:240 - ML: Produto sem estoque ignorado: Parafusadeira Furadeira 48v Profissional
2026-03-19 11:52:34.426 | DEBUG    | src.scraper_ml:scrape_mercadolivre:240 - ML: Produto sem estoque ignorado: Body Splash Masculino Barbarius E Midtow
2026-03-19 11:52:37.761 | DEBUG    | src.scraper_ml:scrape_mercadolivre:261 - ✓ ML: Calça Respirável Esportiva Slim Tactel Elastano Ac — R$39.90
2026-03-19 11:52:40.782 | DEBUG    | src.scraper_ml:scrape_mercadolivre:261 - ✓ ML: Perfume Masculino Eau De Parfum Azzaro The Most Wa — R$489.00
2026-03-19 11:52:43.765 | DEBUG    | src.scraper_ml:scrape_mercadolivre:261 - ✓ ML: Batedeira Planetária Philco Pbp90a 5l 12 Velocidad — R$285.00
2026-03-19 11:52:43.780 | SUCCESS  | src.scraper_ml:scrape_mercadolivre:270 - ✅ Mercado Livre: 9 produtos válidos coletados. (0 erros)
2026-03-19 11:52:43.782 | INFO     | __main__:executar_varredura:115 - 🏪 Varrendo Amazon...
2026-03-19 11:52:51.407 | INFO     | src.scraper_amazon:_scrape_lista:64 - 🛒 Amazon: 24 cards encontrados em https://www.amazon.com.br/bestsellers
2026-03-19 11:52:59.200 | INFO     | src.scraper_amazon:_scrape_lista:64 - 🛒 Amazon: 8 cards encontrados em https://www.amazon.com.br/deals
2026-03-19 11:52:59.297 | INFO     | src.scraper_amazon:scrape_amazon:220 - 🔍 Amazon: Verificando estoque de 15 produtos...
2026-03-19 11:53:03.162 | DEBUG    | src.scraper_amazon:scrape_amazon:255 - ✓ Amazon: Sanduicheira Elétrica Cadence Click - 127V — R$92.80
2026-03-19 11:53:06.873 | DEBUG    | src.scraper_amazon:scrape_amazon:255 - ✓ Amazon: Electrolux Kit 12 Potes Herméticos de Plástico Ret — R$99.90
2026-03-19 11:53:10.603 | DEBUG    | src.scraper_amazon:scrape_amazon:255 - ✓ Amazon: Gato Panda KIT 5 Potes de Vidro Retangular com Tam — R$71.00
2026-03-19 11:53:14.182 | DEBUG    | src.scraper_amazon:scrape_amazon:255 - ✓ Amazon: Filtro/Refil Original de Água Acqua Pure para Puri — R$78.49
2026-03-19 11:53:18.425 | DEBUG    | src.scraper_amazon:scrape_amazon:255 - ✓ Amazon: Chinelo Havaianas Top adulto-unissex — R$27.90
2026-03-19 11:53:22.264 | DEBUG    | src.scraper_amazon:scrape_amazon:255 - ✓ Amazon: Kit 6 Pares Meias Lupo 3245 Cano Médio Algodão - S — R$64.49
2026-03-19 11:53:25.819 | DEBUG    | src.scraper_amazon:scrape_amazon:255 - ✓ Amazon: Suporte para Notebook e Tablet Linha Premium em Al — R$29.90
2026-03-19 11:53:29.666 | DEBUG    | src.scraper_amazon:scrape_amazon:255 - ✓ Amazon: Escrivaninha Trevalla Kuadra Me150-E10 Industrial  — R$328.11
2026-03-19 11:53:33.495 | DEBUG    | src.scraper_amazon:scrape_amazon:255 - ✓ Amazon: Omo Sabão Líquido Ultra Power 1,8 L — R$23.99
2026-03-19 11:53:37.323 | DEBUG    | src.scraper_amazon:scrape_amazon:255 - ✓ Amazon: Brilhante Limpeza Total - Lava Roupas Líquido 3L — R$24.99
2026-03-19 11:53:41.083 | DEBUG    | src.scraper_amazon:scrape_amazon:255 - ✓ Amazon: Omo Sabão Líquido Lavagem Perfeita 3L — R$35.99
2026-03-19 11:53:44.708 | DEBUG    | src.scraper_amazon:scrape_amazon:255 - ✓ Amazon: Scala Plus Papel Toalha Multipicote, 200 Toalhas ( — R$7.09
2026-03-19 11:53:47.985 | INFO     | __main__:<module>:238 - ▶ Modo: Varredura imediata
2026-03-19 11:53:47.986 | INFO     | __main__:executar_varredura:68 - =======================================================
2026-03-19 11:53:47.986 | INFO     | __main__:executar_varredura:69 - 🚀 Iniciando varredura em 19/03/2026 11:53:47
2026-03-19 11:53:47.986 | INFO     | __main__:executar_varredura:70 - =======================================================
2026-03-19 11:53:48.688 | DEBUG    | src.scraper_amazon:scrape_amazon:255 - ✓ Amazon: Scotch, 3M, Fixa Forte, Fita Dupla Face, Fixação E — R$32.80
2026-03-19 11:53:48.775 | INFO     | src.database:log_execucao_start:142 - 📋 Execução registrada com ID: 7
2026-03-19 11:53:49.148 | INFO     | __main__:executar_varredura:105 - 🏪 Varrendo Mercado Livre...
2026-03-19 11:53:52.612 | DEBUG    | src.scraper_amazon:scrape_amazon:255 - ✓ Amazon: Mor - Escada Alumínio 4 Degraus — R$130.55
2026-03-19 11:53:56.261 | DEBUG    | src.scraper_amazon:scrape_amazon:255 - ✓ Amazon: WAP Parafusadeira e Furadeira à Bateria 12V BPF-12 — R$161.41
2026-03-19 11:53:56.275 | SUCCESS  | src.scraper_amazon:scrape_amazon:264 - ✅ Amazon: 15 produtos válidos coletados. (0 erros)
2026-03-19 11:53:56.276 | INFO     | __main__:executar_varredura:125 - 🏪 Varrendo Shopee...
2026-03-19 11:53:58.676 | INFO     | src.scraper_ml:_scrape_lista:76 - 🛒 ML: 72 cards encontrados em https://www.mercadolivre.com.br/ofertas
2026-03-19 11:54:07.767 | INFO     | src.scraper_ml:_scrape_lista:76 - 🛒 ML: 20 cards encontrados em https://www.mercadolivre.com.br/mais-vendidos
2026-03-19 11:54:08.085 | INFO     | src.scraper_ml:scrape_mercadolivre:231 - 🔍 ML: Verificando estoque de 12 produtos...
2026-03-19 11:54:11.771 | DEBUG    | src.scraper_ml:scrape_mercadolivre:261 - ✓ ML: Kit 10 Pote De Vidro Marmita Hermético 370ml Freez — R$21.00
2026-03-19 11:54:15.227 | DEBUG    | src.scraper_ml:scrape_mercadolivre:261 - ✓ ML: Parafusadeira Furadeira The Black Tools Tb12a 3/8  — R$74.00
2026-03-19 11:54:18.303 | DEBUG    | src.scraper_ml:scrape_mercadolivre:261 - ✓ ML: Batedeira Planetária Philco Pbp90a 5l 12 Velocidad — R$285.00
2026-03-19 11:54:22.069 | DEBUG    | src.scraper_ml:scrape_mercadolivre:261 - ✓ ML: Kit 6 Pares Meias Lupo Cano Médio Esportivas Acade — R$48.99
2026-03-19 11:54:22.298 | WARNING  | src.scraper_shopee:_scrape_lista:56 - 🕒 Shopee: Timeout aguardando cards. Tentando scroll...
2026-03-19 11:54:25.308 | DEBUG    | src.scraper_ml:scrape_mercadolivre:261 - ✓ ML: Protetor Solar Com Cor, Alta Cobertura 12h, Oil-fr — R$56.96
2026-03-19 11:54:28.646 | DEBUG    | src.scraper_ml:scrape_mercadolivre:261 - ✓ ML: Cadeira Gamer Wells Preta Healer Preto Couro Sinté — R$479.00
2026-03-19 11:54:32.589 | DEBUG    | src.scraper_ml:scrape_mercadolivre:240 - ML: Produto sem estoque ignorado: Cadeira De Escritório Ergonômica Palo Al
2026-03-19 11:54:36.259 | DEBUG    | src.scraper_ml:scrape_mercadolivre:240 - ML: Produto sem estoque ignorado: Parafusadeira Furadeira 48v Profissional
2026-03-19 11:54:37.460 | ERROR    | src.scraper_shopee:_scrape_lista:67 - ❌ Shopee: Nenhum card encontrado com o seletor div[data-sqe='item']
2026-03-19 11:54:40.187 | DEBUG    | src.scraper_ml:scrape_mercadolivre:240 - ML: Produto sem estoque ignorado: Body Splash Masculino Barbarius E Midtow
2026-03-19 11:54:43.514 | DEBUG    | src.scraper_ml:scrape_mercadolivre:261 - ✓ ML: Calça Respirável Esportiva Slim Tactel Elastano Ac — R$39.90
2026-03-19 11:54:46.493 | DEBUG    | src.scraper_ml:scrape_mercadolivre:261 - ✓ ML: Perfume Masculino Eau De Parfum Azzaro The Most Wa — R$489.00
2026-03-19 11:54:49.536 | DEBUG    | src.scraper_ml:scrape_mercadolivre:261 - ✓ ML: Batedeira Planetária Philco Pbp90a 5l 12 Velocidad — R$285.00
2026-03-19 11:54:49.540 | SUCCESS  | src.scraper_ml:scrape_mercadolivre:270 - ✅ Mercado Livre: 9 produtos válidos coletados. (0 erros)
2026-03-19 11:54:49.540 | INFO     | __main__:executar_varredura:115 - 🏪 Varrendo Amazon...
2026-03-19 11:54:57.208 | INFO     | src.scraper_amazon:_scrape_lista:64 - 🛒 Amazon: 24 cards encontrados em https://www.amazon.com.br/bestsellers
2026-03-19 11:55:03.084 | WARNING  | src.scraper_shopee:_scrape_lista:56 - 🕒 Shopee: Timeout aguardando cards. Tentando scroll...
2026-03-19 11:55:04.967 | INFO     | src.scraper_amazon:_scrape_lista:64 - 🛒 Amazon: 8 cards encontrados em https://www.amazon.com.br/deals
2026-03-19 11:55:05.054 | INFO     | src.scraper_amazon:scrape_amazon:220 - 🔍 Amazon: Verificando estoque de 15 produtos...
2026-03-19 11:55:08.973 | DEBUG    | src.scraper_amazon:scrape_amazon:255 - ✓ Amazon: Sanduicheira Elétrica Cadence Click - 127V — R$92.80
2026-03-19 11:55:12.749 | DEBUG    | src.scraper_amazon:scrape_amazon:255 - ✓ Amazon: Electrolux Kit 12 Potes Herméticos de Plástico Ret — R$99.90
2026-03-19 11:55:16.320 | DEBUG    | src.scraper_amazon:scrape_amazon:255 - ✓ Amazon: Gato Panda KIT 5 Potes de Vidro Retangular com Tam — R$71.00
2026-03-19 11:55:18.268 | ERROR    | src.scraper_shopee:_scrape_lista:67 - ❌ Shopee: Nenhum card encontrado com o seletor div[data-sqe='item']
2026-03-19 11:55:18.268 | INFO     | src.scraper_shopee:scrape_shopee:200 - 🔍 Shopee: Verificando estoque de 0 produtos...
2026-03-19 11:55:18.279 | SUCCESS  | src.scraper_shopee:scrape_shopee:232 - ✅ Shopee: 0 produtos válidos coletados. (0 erros)
2026-03-19 11:55:19.060 | SUCCESS  | src.database:upsert_produtos:125 - ✅ 24 produtos salvos/atualizados no Supabase.
2026-03-19 11:55:19.061 | INFO     | __main__:executar_varredura:149 - =======================================================
2026-03-19 11:55:19.061 | INFO     | __main__:executar_varredura:150 - 📊 RELATÓRIO DA VARREDURA
2026-03-19 11:55:19.061 | INFO     | __main__:executar_varredura:151 -    🕐 Duração:         3min 34s
2026-03-19 11:55:19.061 | INFO     | __main__:executar_varredura:152 -    🔍 Total encontrado: 24 produtos
2026-03-19 11:55:19.061 | INFO     | __main__:executar_varredura:153 -    💾 Salvos no banco:  24 registros
2026-03-19 11:55:19.061 | INFO     | __main__:executar_varredura:154 -    ❌ Erros:           0
2026-03-19 11:55:19.061 | INFO     | __main__:executar_varredura:158 - =======================================================
2026-03-19 11:55:20.016 | DEBUG    | src.scraper_amazon:scrape_amazon:255 - ✓ Amazon: Filtro/Refil Original de Água Acqua Pure para Puri — R$78.49
2026-03-19 11:55:24.199 | DEBUG    | src.scraper_amazon:scrape_amazon:255 - ✓ Amazon: Chinelo Havaianas Top adulto-unissex — R$27.90
2026-03-19 11:55:27.962 | DEBUG    | src.scraper_amazon:scrape_amazon:255 - ✓ Amazon: Kit 6 Pares Meias Lupo 3245 Cano Médio Algodão - S — R$64.49
2026-03-19 11:55:31.436 | DEBUG    | src.scraper_amazon:scrape_amazon:255 - ✓ Amazon: Suporte para Notebook e Tablet Linha Premium em Al — R$29.90
2026-03-19 11:55:35.241 | DEBUG    | src.scraper_amazon:scrape_amazon:255 - ✓ Amazon: Escrivaninha Trevalla Kuadra Me150-E10 Industrial  — R$328.11
2026-03-19 11:55:38.947 | DEBUG    | src.scraper_amazon:scrape_amazon:255 - ✓ Amazon: Omo Sabão Líquido Ultra Power 1,8 L — R$23.99
2026-03-19 11:55:42.594 | DEBUG    | src.scraper_amazon:scrape_amazon:255 - ✓ Amazon: Brilhante Limpeza Total - Lava Roupas Líquido 3L — R$24.99
2026-03-19 11:55:46.381 | DEBUG    | src.scraper_amazon:scrape_amazon:255 - ✓ Amazon: Omo Sabão Líquido Lavagem Perfeita 3L — R$35.99
2026-03-19 11:55:49.885 | DEBUG    | src.scraper_amazon:scrape_amazon:255 - ✓ Amazon: Scala Plus Papel Toalha Multipicote, 200 Toalhas ( — R$7.09
2026-03-19 11:55:53.838 | DEBUG    | src.scraper_amazon:scrape_amazon:255 - ✓ Amazon: Scotch, 3M, Fixa Forte, Fita Dupla Face, Fixação E — R$32.80
2026-03-19 11:55:57.621 | DEBUG    | src.scraper_amazon:scrape_amazon:255 - ✓ Amazon: Mor - Escada Alumínio 4 Degraus — R$130.55
2026-03-19 11:56:01.140 | DEBUG    | src.scraper_amazon:scrape_amazon:255 - ✓ Amazon: WAP Parafusadeira e Furadeira à Bateria 12V BPF-12 — R$161.41
2026-03-19 11:56:01.145 | SUCCESS  | src.scraper_amazon:scrape_amazon:264 - ✅ Amazon: 15 produtos válidos coletados. (0 erros)
2026-03-19 11:56:01.145 | INFO     | __main__:executar_varredura:125 - 🏪 Varrendo Shopee...
2026-03-19 11:56:36.312 | WARNING  | src.scraper_shopee:_scrape_lista:57 - 🕒 Shopee: Timeout aguardando cards. Tentando scroll e captura de tela de depuração...
2026-03-19 11:57:00.601 | ERROR    | src.scraper_shopee:_scrape_lista:69 - ❌ Shopee: Nenhum card encontrado. O site pode estar bloqueando o acesso automatizado.
2026-03-19 11:57:34.830 | WARNING  | src.scraper_shopee:_scrape_lista:57 - 🕒 Shopee: Timeout aguardando cards. Tentando scroll e captura de tela de depuração...
2026-03-19 11:57:59.133 | ERROR    | src.scraper_shopee:_scrape_lista:69 - ❌ Shopee: Nenhum card encontrado. O site pode estar bloqueando o acesso automatizado.
2026-03-19 11:57:59.135 | INFO     | src.scraper_shopee:scrape_shopee:203 - 🔍 Shopee: Verificando estoque de 0 produtos...
2026-03-19 11:57:59.139 | SUCCESS  | src.scraper_shopee:scrape_shopee:235 - ✅ Shopee: 0 produtos válidos coletados. (0 erros)
2026-03-19 11:58:00.232 | SUCCESS  | src.database:upsert_produtos:125 - ✅ 24 produtos salvos/atualizados no Supabase.
2026-03-19 11:58:00.233 | INFO     | __main__:executar_varredura:149 - =======================================================
2026-03-19 11:58:00.233 | INFO     | __main__:executar_varredura:150 - 📊 RELATÓRIO DA VARREDURA
2026-03-19 11:58:00.233 | INFO     | __main__:executar_varredura:151 -    🕐 Duração:         4min 12s
2026-03-19 11:58:00.233 | INFO     | __main__:executar_varredura:152 -    🔍 Total encontrado: 24 produtos
2026-03-19 11:58:00.233 | INFO     | __main__:executar_varredura:153 -    💾 Salvos no banco:  24 registros
2026-03-19 11:58:00.233 | INFO     | __main__:executar_varredura:154 -    ❌ Erros:           0
2026-03-19 11:58:00.233 | INFO     | __main__:executar_varredura:158 - =======================================================
2026-03-19 12:34:26.554 | INFO     | __main__:<module>:238 - ▶ Modo: Varredura imediata
2026-03-19 12:34:26.555 | INFO     | __main__:executar_varredura:68 - =======================================================
2026-03-19 12:34:26.556 | INFO     | __main__:executar_varredura:69 - 🚀 Iniciando varredura em 19/03/2026 12:34:26
2026-03-19 12:34:26.556 | INFO     | __main__:executar_varredura:70 - =======================================================
2026-03-19 12:34:29.144 | INFO     | src.database:log_execucao_start:142 - 📋 Execução registrada com ID: 8
2026-03-19 12:34:29.511 | INFO     | __main__:executar_varredura:105 - 🏪 Varrendo Mercado Livre...
2026-03-19 12:34:46.847 | INFO     | src.scraper_ml:_scrape_lista:76 - 🛒 ML: 72 cards encontrados em https://www.mercadolivre.com.br/ofertas
2026-03-19 12:34:56.267 | INFO     | src.scraper_ml:_scrape_lista:76 - 🛒 ML: 20 cards encontrados em https://www.mercadolivre.com.br/mais-vendidos
2026-03-19 12:34:56.583 | INFO     | src.scraper_ml:scrape_mercadolivre:235 - 🔍 ML: Verificando estoque de 12 produtos...
2026-03-19 12:35:00.404 | DEBUG    | src.scraper_ml:_check_estoque:188 - 📸 ML: Forçando HQ para https://http2.mlstatic.com/D_Q_NP_921228-MLA107125434764_022026-R.webp
2026-03-19 12:35:00.433 | DEBUG    | src.scraper_ml:scrape_mercadolivre:265 - ✓ ML: Kit 10 Pote De Vidro Marmita Hermético 370ml Freez — R$21.00
2026-03-19 12:35:03.512 | DEBUG    | src.scraper_ml:_check_estoque:188 - 📸 ML: Forçando HQ para https://http2.mlstatic.com/D_Q_NP_704049-MLA99472181756_112025-R.webp
2026-03-19 12:35:03.544 | DEBUG    | src.scraper_ml:scrape_mercadolivre:265 - ✓ ML: Parafusadeira Furadeira The Black Tools Tb12a 3/8  — R$74.00
2026-03-19 12:35:06.646 | DEBUG    | src.scraper_ml:_check_estoque:188 - 📸 ML: Forçando HQ para https://http2.mlstatic.com/D_Q_NP_728713-MLA99416610212_112025-R.webp
2026-03-19 12:35:06.676 | DEBUG    | src.scraper_ml:scrape_mercadolivre:265 - ✓ ML: Batedeira Planetária Philco Pbp90a 5l 12 Velocidad — R$285.00
2026-03-19 12:35:10.377 | DEBUG    | src.scraper_ml:_check_estoque:188 - 📸 ML: Forçando HQ para https://http2.mlstatic.com/D_Q_NP_716783-MLB75370391783_032024-R.webp
2026-03-19 12:35:10.407 | DEBUG    | src.scraper_ml:scrape_mercadolivre:265 - ✓ ML: Kit 6 Pares Meias Lupo Cano Médio Esportivas Acade — R$48.99
2026-03-19 12:35:13.568 | DEBUG    | src.scraper_ml:_check_estoque:188 - 📸 ML: Forçando HQ para https://http2.mlstatic.com/D_Q_NP_643449-MLA103364503100_012026-R.webp
2026-03-19 12:35:13.603 | DEBUG    | src.scraper_ml:scrape_mercadolivre:265 - ✓ ML: Protetor Solar Com Cor, Alta Cobertura 12h, Oil-fr — R$56.96
2026-03-19 12:35:16.781 | DEBUG    | src.scraper_ml:_check_estoque:188 - 📸 ML: Forçando HQ para https://http2.mlstatic.com/D_Q_NP_859282-MLA105409191484_012026-R.webp
2026-03-19 12:35:16.809 | DEBUG    | src.scraper_ml:scrape_mercadolivre:265 - ✓ ML: Cadeira Gamer Wells Preta Healer Preto Couro Sinté — R$479.00
2026-03-19 12:35:20.704 | DEBUG    | src.scraper_ml:_check_estoque:188 - 📸 ML: Forçando HQ para https://http2.mlstatic.com/D_Q_NP_2X_757752-MLA105408282418_012026-T.webp
2026-03-19 12:35:20.726 | DEBUG    | src.scraper_ml:scrape_mercadolivre:244 - ML: Produto sem estoque ignorado: Parafusadeira Furadeira De Impacto Sem F
2026-03-19 12:35:24.350 | DEBUG    | src.scraper_ml:_check_estoque:188 - 📸 ML: Forçando HQ para https://http2.mlstatic.com/D_Q_NP_2X_757752-MLA105408282418_012026-T.webp
2026-03-19 12:35:24.374 | DEBUG    | src.scraper_ml:scrape_mercadolivre:244 - ML: Produto sem estoque ignorado: Cadeira De Escritório Ergonômica Palo Al
2026-03-19 12:35:27.987 | DEBUG    | src.scraper_ml:_check_estoque:188 - 📸 ML: Forçando HQ para https://http2.mlstatic.com/D_Q_NP_2X_757752-MLA105408282418_012026-T.webp
2026-03-19 12:35:28.010 | DEBUG    | src.scraper_ml:scrape_mercadolivre:244 - ML: Produto sem estoque ignorado: Body Splash Masculino Barbarius E Midtow
2026-03-19 12:35:31.269 | DEBUG    | src.scraper_ml:_check_estoque:188 - 📸 ML: Forçando HQ para https://http2.mlstatic.com/D_Q_NP_914164-MLB104021558558_012026-R.webp
2026-03-19 12:35:31.300 | DEBUG    | src.scraper_ml:scrape_mercadolivre:265 - ✓ ML: Calça Respirável Esportiva Slim Tactel Elastano Ac — R$39.90
2026-03-19 12:35:34.425 | DEBUG    | src.scraper_ml:_check_estoque:188 - 📸 ML: Forçando HQ para https://http2.mlstatic.com/D_Q_NP_980442-MLA108963434141_032026-R.webp
2026-03-19 12:35:34.457 | DEBUG    | src.scraper_ml:scrape_mercadolivre:265 - ✓ ML: Perfume Masculino Eau De Parfum Azzaro The Most Wa — R$489.00
2026-03-19 12:35:37.515 | DEBUG    | src.scraper_ml:_check_estoque:188 - 📸 ML: Forçando HQ para https://http2.mlstatic.com/D_Q_NP_881449-MLA100029987669_122025-R.webp
2026-03-19 12:35:37.561 | DEBUG    | src.scraper_ml:scrape_mercadolivre:265 - ✓ ML: Batedeira Planetária Philco Pbp90a 5l 12 Velocidad — R$285.00
2026-03-19 12:35:37.566 | SUCCESS  | src.scraper_ml:scrape_mercadolivre:274 - ✅ Mercado Livre: 9 produtos válidos coletados. (0 erros)
2026-03-19 12:35:37.566 | INFO     | __main__:executar_varredura:115 - 🏪 Varrendo Amazon...
2026-03-19 12:35:45.300 | INFO     | src.scraper_amazon:_scrape_lista:64 - 🛒 Amazon: 24 cards encontrados em https://www.amazon.com.br/bestsellers
2026-03-19 12:35:53.395 | INFO     | src.scraper_amazon:_scrape_lista:64 - 🛒 Amazon: 8 cards encontrados em https://www.amazon.com.br/deals
2026-03-19 12:35:53.493 | INFO     | src.scraper_amazon:scrape_amazon:223 - 🔍 Amazon: Verificando estoque de 15 produtos...
2026-03-19 12:35:57.381 | DEBUG    | src.scraper_amazon:_check_estoque:187 - 📸 Amazon: Forçando HQ para https://m.media-amazon.com/images/I/51UxR8FHe-L.jpg
2026-03-19 12:35:57.407 | DEBUG    | src.scraper_amazon:scrape_amazon:258 - ✓ Amazon: Sanduicheira Elétrica Cadence Click - 127V — R$92.80
2026-03-19 12:36:01.156 | DEBUG    | src.scraper_amazon:_check_estoque:187 - 📸 Amazon: Forçando HQ para https://m.media-amazon.com/images/I/51uccv-jBiL.jpg
2026-03-19 12:36:01.180 | DEBUG    | src.scraper_amazon:scrape_amazon:258 - ✓ Amazon: Electrolux Kit 12 Potes Herméticos de Plástico Ret — R$99.90
2026-03-19 12:36:04.845 | DEBUG    | src.scraper_amazon:_check_estoque:187 - 📸 Amazon: Forçando HQ para https://m.media-amazon.com/images/I/814oRtHfLLL.jpg
2026-03-19 12:36:04.874 | DEBUG    | src.scraper_amazon:scrape_amazon:258 - ✓ Amazon: Gato Panda KIT 5 Potes de Vidro Retangular com Tam — R$71.00
2026-03-19 12:36:08.477 | DEBUG    | src.scraper_amazon:_check_estoque:187 - 📸 Amazon: Forçando HQ para https://m.media-amazon.com/images/I/31LtBwNilWL.jpg
2026-03-19 12:36:08.506 | DEBUG    | src.scraper_amazon:scrape_amazon:258 - ✓ Amazon: Filtro/Refil Original de Água Acqua Pure para Puri — R$78.49
2026-03-19 12:36:12.860 | DEBUG    | src.scraper_amazon:_check_estoque:187 - 📸 Amazon: Forçando HQ para https://m.media-amazon.com/images/I/514+LgOiqQL.jpg
2026-03-19 12:36:12.884 | DEBUG    | src.scraper_amazon:scrape_amazon:258 - ✓ Amazon: Chinelo Havaianas Top adulto-unissex — R$27.90
2026-03-19 12:36:16.649 | DEBUG    | src.scraper_amazon:_check_estoque:187 - 📸 Amazon: Forçando HQ para https://m.media-amazon.com/images/I/71ty8q6v6LL.jpg
2026-03-19 12:36:16.673 | DEBUG    | src.scraper_amazon:scrape_amazon:258 - ✓ Amazon: Kit 6 Pares Meias Lupo 3245 Cano Médio Algodão - S — R$64.49
2026-03-19 12:36:20.171 | DEBUG    | src.scraper_amazon:_check_estoque:187 - 📸 Amazon: Forçando HQ para https://m.media-amazon.com/images/I/51YlaSnixlL.jpg
2026-03-19 12:36:20.194 | DEBUG    | src.scraper_amazon:scrape_amazon:258 - ✓ Amazon: Suporte para Notebook e Tablet Linha Premium em Al — R$29.90
2026-03-19 12:36:23.890 | DEBUG    | src.scraper_amazon:_check_estoque:187 - 📸 Amazon: Forçando HQ para https://m.media-amazon.com/images/I/61BR+BkI0xL.jpg
2026-03-19 12:36:23.914 | DEBUG    | src.scraper_amazon:scrape_amazon:258 - ✓ Amazon: Escrivaninha Trevalla Kuadra Me150-E10 Industrial  — R$328.11
2026-03-19 12:36:27.615 | DEBUG    | src.scraper_amazon:_check_estoque:187 - 📸 Amazon: Forçando HQ para https://m.media-amazon.com/images/I/71y1o6ee9IL.jpg
2026-03-19 12:36:27.639 | DEBUG    | src.scraper_amazon:scrape_amazon:258 - ✓ Amazon: Omo Sabão Líquido Ultra Power 1,8 L — R$23.99
2026-03-19 12:36:31.657 | DEBUG    | src.scraper_amazon:_check_estoque:187 - 📸 Amazon: Forçando HQ para https://m.media-amazon.com/images/I/71jvqKocIgL.jpg
2026-03-19 12:36:31.682 | DEBUG    | src.scraper_amazon:scrape_amazon:258 - ✓ Amazon: Brilhante Limpeza Total - Lava Roupas Líquido 3L — R$24.99
2026-03-19 12:36:35.715 | DEBUG    | src.scraper_amazon:_check_estoque:187 - 📸 Amazon: Forçando HQ para https://m.media-amazon.com/images/I/61+D3q6HbbL.jpg
2026-03-19 12:36:35.753 | DEBUG    | src.scraper_amazon:scrape_amazon:258 - ✓ Amazon: Omo Sabão Líquido Lavagem Perfeita 3L — R$35.99
2026-03-19 12:36:39.319 | DEBUG    | src.scraper_amazon:_check_estoque:187 - 📸 Amazon: Forçando HQ para https://m.media-amazon.com/images/I/71Q5B8kAMtL.jpg
2026-03-19 12:36:39.343 | DEBUG    | src.scraper_amazon:scrape_amazon:258 - ✓ Amazon: Scala Plus Papel Toalha Multipicote, 200 Toalhas ( — R$7.09
2026-03-19 12:36:43.820 | DEBUG    | src.scraper_amazon:_check_estoque:187 - 📸 Amazon: Forçando HQ para https://m.media-amazon.com/images/I/51653ltvYsL.jpg
2026-03-19 12:36:43.845 | DEBUG    | src.scraper_amazon:scrape_amazon:258 - ✓ Amazon: Heinz Ketchup Tradicional 1,033KG — R$18.87
2026-03-19 12:36:47.425 | DEBUG    | src.scraper_amazon:_check_estoque:187 - 📸 Amazon: Forçando HQ para https://m.media-amazon.com/images/I/71gOLMiBHEL.jpg
2026-03-19 12:36:47.454 | DEBUG    | src.scraper_amazon:scrape_amazon:258 - ✓ Amazon: Wafer Lacta com Recheio de Oreo - Pacote 540g — R$32.07
2026-03-19 12:36:51.017 | DEBUG    | src.scraper_amazon:_check_estoque:187 - 📸 Amazon: Forçando HQ para https://m.media-amazon.com/images/I/61VAMMzECnL.jpg
2026-03-19 12:36:51.042 | DEBUG    | src.scraper_amazon:scrape_amazon:258 - ✓ Amazon: Creme Crocante KitKat 330g — R$27.99
2026-03-19 12:36:51.046 | SUCCESS  | src.scraper_amazon:scrape_amazon:267 - ✅ Amazon: 15 produtos válidos coletados. (0 erros)
2026-03-19 12:36:51.046 | INFO     | __main__:executar_varredura:125 - 🏪 Varrendo Shopee...
2026-03-19 12:37:26.954 | WARNING  | src.scraper_shopee:_scrape_lista:57 - 🕒 Shopee: Timeout aguardando cards. Tentando scroll e captura de tela de depuração...
2026-03-19 12:37:51.231 | ERROR    | src.scraper_shopee:_scrape_lista:69 - ❌ Shopee: Nenhum card encontrado. O site pode estar bloqueando o acesso automatizado.
2026-03-19 12:38:25.308 | WARNING  | src.scraper_shopee:_scrape_lista:57 - 🕒 Shopee: Timeout aguardando cards. Tentando scroll e captura de tela de depuração...
2026-03-19 12:38:49.605 | ERROR    | src.scraper_shopee:_scrape_lista:69 - ❌ Shopee: Nenhum card encontrado. O site pode estar bloqueando o acesso automatizado.
2026-03-19 12:38:49.606 | INFO     | src.scraper_shopee:scrape_shopee:203 - 🔍 Shopee: Verificando estoque de 0 produtos...
2026-03-19 12:38:49.609 | SUCCESS  | src.scraper_shopee:scrape_shopee:235 - ✅ Shopee: 0 produtos válidos coletados. (0 erros)
2026-03-19 12:38:51.208 | SUCCESS  | src.database:upsert_produtos:125 - ✅ 24 produtos salvos/atualizados no Supabase.
2026-03-19 12:38:51.208 | INFO     | __main__:executar_varredura:149 - =======================================================
2026-03-19 12:38:51.208 | INFO     | __main__:executar_varredura:150 - 📊 RELATÓRIO DA VARREDURA
2026-03-19 12:38:51.208 | INFO     | __main__:executar_varredura:151 -    🕐 Duração:         4min 24s
2026-03-19 12:38:51.208 | INFO     | __main__:executar_varredura:152 -    🔍 Total encontrado: 24 produtos
2026-03-19 12:38:51.208 | INFO     | __main__:executar_varredura:153 -    💾 Salvos no banco:  24 registros
2026-03-19 12:38:51.208 | INFO     | __main__:executar_varredura:154 -    ❌ Erros:           0
2026-03-19 12:38:51.208 | INFO     | __main__:executar_varredura:158 - =======================================================
